
2023/06/22 (22:06:47) | ===> btop++ v.1.2.13
2023/06/22 (22:06:47) | ERROR: No UTF-8 locale detected!
Use --utf-force argument to force start if you're sure your terminal can handle it.

2023/06/22 (22:06:52) | ===> btop++ v.1.2.13
2023/06/22 (22:06:52) | ERROR: No UTF-8 locale detected!
Use --utf-force argument to force start if you're sure your terminal can handle it.

2023/06/22 (22:08:19) | ===> btop++ v.1.2.13
2023/06/22 (22:08:19) | ERROR: No UTF-8 locale detected!
Use --utf-force argument to force start if you're sure your terminal can handle it.

2023/06/22 (22:08:21) | ===> btop++ v.1.2.13
2023/06/22 (22:08:21) | ERROR: No UTF-8 locale detected!
Use --utf-force argument to force start if you're sure your terminal can handle it.

2023/06/22 (22:08:34) | ===> btop++ v.1.2.13
2023/06/22 (22:08:34) | ERROR: No UTF-8 locale detected!
Use --utf-force argument to force start if you're sure your terminal can handle it.

2023/06/22 (22:08:44) | ===> btop++ v.1.2.13
2023/06/22 (22:08:44) | WARNING: No UTF-8 locale detected! Forcing start with --utf-force argument.
2023/06/22 (22:08:44) | WARNING: No good candidate for cpu sensor found, using random from all found sensors.

2023/06/23 (00:21:43) | ===> btop++ v.1.2.13
2023/06/23 (00:21:43) | WARNING: No good candidate for cpu sensor found, using random from all found sensors.

2023/06/23 (10:56:41) | ===> btop++ v.1.2.13
2023/06/23 (10:56:41) | WARNING: No good candidate for cpu sensor found, using random from all found sensors.

2023/06/23 (10:56:47) | ===> btop++ v.1.2.13
2023/06/23 (10:56:47) | WARNING: No good candidate for cpu sensor found, using random from all found sensors.

2023/06/23 (10:56:59) | ===> btop++ v.1.2.13
2023/06/23 (10:56:59) | WARNING: No good candidate for cpu sensor found, using random from all found sensors.

2023/09/15 (18:05:18) | ===> btop++ v.1.2.13
2023/09/15 (18:05:18) | WARNING: No good candidate for cpu sensor found, using random from all found sensors.

2023/09/17 (22:49:25) | ===> btop++ v.1.2.13
2023/09/17 (22:49:25) | WARNING: No good candidate for cpu sensor found, using random from all found sensors.

2023/09/21 (22:32:40) | ===> btop++ v.1.2.13
2023/09/21 (22:32:40) | WARNING: No good candidate for cpu sensor found, using random from all found sensors.

2023/09/22 (21:50:19) | ===> btop++ v.1.2.13
2023/09/22 (21:50:19) | WARNING: No good candidate for cpu sensor found, using random from all found sensors.

2023/09/25 (18:24:53) | ===> btop++ v.1.2.13
2023/09/25 (18:24:53) | WARNING: No good candidate for cpu sensor found, using random from all found sensors.
