[2023-11-06 22:04:47.126][verbose] Chromium sandbox is enabled
[2023-11-06 22:04:47.127][info] Running version 2023.5
[2023-11-06 22:04:47.456][info] Detected locale: en-US
[2023-11-06 22:04:47.477][info] Connected to the daemon
[2023-11-06 22:04:47.523][info] Autoconnect the tunnel
[2023-11-06 22:04:47.748][warning] Failed to fetch account data. Retrying in 8000 ms
[2023-11-06 22:40:05.532][info] Suspend event received, disconnecting from daemon
[2023-11-06 22:40:05.533][verbose] GRPC Channel connectivity state changed to 4
[2023-11-06 22:40:05.534][info] Disconnected from the daemon
[2023-11-06 22:40:05.535][info] Suspend event received, disconnecting from daemon
[2023-11-06 22:40:05.535][info] Disconnected from the daemon
[2023-11-07 06:25:31.735][info] Resume event received, connecting to daemon
[2023-11-07 06:25:31.739][info] Resume event received, connecting to daemon
[2023-11-07 06:25:31.739][info] Connected to the daemon
[2023-11-07 06:25:31.741][info] Connected to the daemon
[2023-11-07 06:25:31.764][warning] Failed to update device info: 14 UNAVAILABLE: Cannot reach the API
[2023-11-07 06:25:31.765][warning] Failed to fetch account data. Retrying in 8000 ms
[2023-11-07 06:25:31.883][warning] Failed to fetch account data. Retrying in 8000 ms
[2023-11-07 06:56:49.794][info] Suspend event received, disconnecting from daemon
[2023-11-07 06:56:49.795][verbose] GRPC Channel connectivity state changed to 4
[2023-11-07 06:56:49.795][verbose] GRPC Channel connectivity state changed to 4
[2023-11-07 06:56:49.796][info] Disconnected from the daemon
[2023-11-07 06:56:49.797][info] Suspend event received, disconnecting from daemon
[2023-11-07 06:56:49.797][info] Disconnected from the daemon
[2023-11-07 10:39:28.482][info] Resume event received, connecting to daemon
[2023-11-07 10:39:28.483][info] Resume event received, connecting to daemon
[2023-11-07 10:39:28.484][info] Connected to the daemon
[2023-11-07 10:39:28.484][info] Connected to the daemon
[2023-11-07 10:39:28.503][warning] Failed to fetch account data. Retrying in 8000 ms
[2023-11-07 10:39:28.503][warning] Failed to update device info: 14 UNAVAILABLE: Cannot reach the API
[2023-11-07 10:39:28.548][warning] Failed to fetch account data. Retrying in 8000 ms
[2023-11-07 10:40:06.630][info] Suspend event received, disconnecting from daemon
[2023-11-07 10:40:06.653][verbose] GRPC Channel connectivity state changed to 4
[2023-11-07 10:40:06.653][verbose] GRPC Channel connectivity state changed to 4
[2023-11-07 10:40:06.666][info] Disconnected from the daemon
[2023-11-07 10:40:06.668][info] Suspend event received, disconnecting from daemon
[2023-11-07 10:40:06.668][info] Disconnected from the daemon
[2023-11-07 10:43:03.530][info] Resume event received, connecting to daemon
[2023-11-07 10:43:03.531][info] Resume event received, connecting to daemon
[2023-11-07 10:43:03.533][info] Connected to the daemon
[2023-11-07 10:43:03.535][info] Connected to the daemon
[2023-11-07 10:43:03.571][warning] Failed to fetch account data. Retrying in 8000 ms
[2023-11-07 10:43:03.571][warning] Failed to update device info: 14 UNAVAILABLE: Cannot reach the API
[2023-11-07 10:43:03.651][warning] Failed to fetch account data. Retrying in 8000 ms
[2023-11-07 11:04:27.166][info] Suspend event received, disconnecting from daemon
[2023-11-07 11:04:27.167][verbose] GRPC Channel connectivity state changed to 4
[2023-11-07 11:04:27.167][verbose] GRPC Channel connectivity state changed to 4
[2023-11-07 11:04:27.168][info] Disconnected from the daemon
[2023-11-07 11:04:27.168][info] Suspend event received, disconnecting from daemon
[2023-11-07 11:04:27.168][info] Disconnected from the daemon
[2023-11-07 11:12:26.232][info] Resume event received, connecting to daemon
[2023-11-07 11:12:26.234][info] Connected to the daemon
[2023-11-07 11:12:26.235][info] Resume event received, connecting to daemon
[2023-11-07 11:12:26.235][info] Connected to the daemon
[2023-11-07 11:12:26.259][warning] Failed to update device info: 14 UNAVAILABLE: Cannot reach the API
[2023-11-07 11:12:26.260][warning] Failed to fetch account data. Retrying in 8000 ms
[2023-11-07 11:12:26.298][warning] Failed to fetch account data. Retrying in 8000 ms
[2023-11-07 11:55:10.345][info] Suspend event received, disconnecting from daemon
[2023-11-07 11:55:10.347][verbose] GRPC Channel connectivity state changed to 4
[2023-11-07 11:55:10.347][verbose] GRPC Channel connectivity state changed to 4
[2023-11-07 11:55:10.359][info] Disconnected from the daemon
[2023-11-07 11:55:10.360][info] Suspend event received, disconnecting from daemon
[2023-11-07 11:55:10.360][info] Disconnected from the daemon
[2023-11-07 12:39:45.982][info] Resume event received, connecting to daemon
[2023-11-07 12:39:45.983][info] Resume event received, connecting to daemon
[2023-11-07 12:39:45.985][info] Connected to the daemon
[2023-11-07 12:39:45.986][info] Connected to the daemon
[2023-11-07 12:39:46.013][warning] Failed to fetch account data. Retrying in 8000 ms
[2023-11-07 12:39:46.013][warning] Failed to update device info: 14 UNAVAILABLE: Cannot reach the API
[2023-11-07 12:39:46.071][warning] Failed to fetch account data. Retrying in 8000 ms
[2023-11-07 12:40:51.801][info] Suspend event received, disconnecting from daemon
[2023-11-07 12:40:51.802][verbose] GRPC Channel connectivity state changed to 4
[2023-11-07 12:40:51.803][verbose] GRPC Channel connectivity state changed to 4
[2023-11-07 12:40:51.804][info] Disconnected from the daemon
[2023-11-07 12:40:51.807][info] Suspend event received, disconnecting from daemon
[2023-11-07 12:40:51.807][info] Disconnected from the daemon
[2023-11-07 12:46:03.640][info] Resume event received, connecting to daemon
[2023-11-07 12:46:03.640][info] Resume event received, connecting to daemon
[2023-11-07 12:46:03.641][info] Connected to the daemon
[2023-11-07 12:46:03.642][info] Connected to the daemon
[2023-11-07 12:46:03.667][warning] Failed to fetch account data. Retrying in 8000 ms
[2023-11-07 12:46:03.667][warning] Failed to update device info: 14 UNAVAILABLE: Cannot reach the API
[2023-11-07 12:46:03.718][warning] Failed to fetch account data. Retrying in 8000 ms
[2023-11-07 12:48:39.789][info] Suspend event received, disconnecting from daemon
[2023-11-07 12:48:39.790][verbose] GRPC Channel connectivity state changed to 4
[2023-11-07 12:48:39.790][verbose] GRPC Channel connectivity state changed to 4
[2023-11-07 12:48:39.792][info] Disconnected from the daemon
[2023-11-07 12:48:39.794][info] Suspend event received, disconnecting from daemon
[2023-11-07 12:48:39.794][info] Disconnected from the daemon
[2023-11-07 12:48:44.991][info] Resume event received, connecting to daemon
[2023-11-07 12:48:44.992][info] Resume event received, connecting to daemon
[2023-11-07 12:48:44.992][info] Connected to the daemon
[2023-11-07 12:48:44.993][info] Connected to the daemon
[2023-11-07 12:48:45.029][warning] Failed to fetch account data. Retrying in 8000 ms
[2023-11-07 12:48:45.029][warning] Failed to update device info: 14 UNAVAILABLE: Cannot reach the API
[2023-11-07 12:48:45.068][warning] Failed to fetch account data. Retrying in 8000 ms
[2023-11-07 12:49:13.860][info] Suspend event received, disconnecting from daemon
[2023-11-07 12:49:13.860][verbose] GRPC Channel connectivity state changed to 4
[2023-11-07 12:49:13.860][verbose] GRPC Channel connectivity state changed to 4
[2023-11-07 12:49:13.861][info] Disconnected from the daemon
[2023-11-07 12:49:13.862][info] Suspend event received, disconnecting from daemon
[2023-11-07 12:49:13.862][info] Disconnected from the daemon
[2023-11-07 12:54:17.042][info] Resume event received, connecting to daemon
[2023-11-07 12:54:17.044][info] Resume event received, connecting to daemon
[2023-11-07 12:54:17.044][info] Connected to the daemon
[2023-11-07 12:54:17.045][info] Connected to the daemon
[2023-11-07 12:54:17.065][warning] Failed to fetch account data. Retrying in 8000 ms
[2023-11-07 12:54:17.067][warning] Failed to update device info: 14 UNAVAILABLE: Cannot reach the API
[2023-11-07 12:54:17.151][warning] Failed to fetch account data. Retrying in 8000 ms
[2023-11-07 13:08:46.933][info] Suspend event received, disconnecting from daemon
[2023-11-07 13:08:46.934][verbose] GRPC Channel connectivity state changed to 4
[2023-11-07 13:08:46.934][verbose] GRPC Channel connectivity state changed to 4
[2023-11-07 13:08:46.936][info] Disconnected from the daemon
[2023-11-07 13:08:46.938][info] Suspend event received, disconnecting from daemon
[2023-11-07 13:08:46.939][info] Disconnected from the daemon
[2023-11-07 13:11:03.957][info] Resume event received, connecting to daemon
[2023-11-07 13:11:03.958][info] Resume event received, connecting to daemon
[2023-11-07 13:11:03.961][info] Connected to the daemon
[2023-11-07 13:11:03.962][info] Connected to the daemon
[2023-11-07 13:11:04.002][warning] Failed to update device info: 14 UNAVAILABLE: Cannot reach the API
[2023-11-07 13:11:04.002][warning] Failed to fetch account data. Retrying in 8000 ms
[2023-11-07 13:11:04.043][warning] Failed to fetch account data. Retrying in 8000 ms
[2023-11-07 13:38:23.215][info] Suspend event received, disconnecting from daemon
[2023-11-07 13:38:23.215][verbose] GRPC Channel connectivity state changed to 4
[2023-11-07 13:38:23.216][verbose] GRPC Channel connectivity state changed to 4
[2023-11-07 13:38:23.217][info] Disconnected from the daemon
[2023-11-07 13:38:23.217][info] Suspend event received, disconnecting from daemon
[2023-11-07 13:38:23.217][info] Disconnected from the daemon
[2023-11-07 18:35:45.452][info] Resume event received, connecting to daemon
[2023-11-07 18:35:45.453][info] Resume event received, connecting to daemon
[2023-11-07 18:35:45.454][info] Connected to the daemon
[2023-11-07 18:35:45.455][info] Connected to the daemon
[2023-11-07 18:35:45.475][warning] Failed to fetch account data. Retrying in 8000 ms
[2023-11-07 18:35:45.475][warning] Failed to update device info: 14 UNAVAILABLE: Cannot reach the API
[2023-11-07 18:35:45.571][warning] Failed to fetch account data. Retrying in 8000 ms
[2023-11-07 19:21:54.343][info] Suspend event received, disconnecting from daemon
[2023-11-07 19:21:54.343][verbose] GRPC Channel connectivity state changed to 4
[2023-11-07 19:21:54.343][verbose] GRPC Channel connectivity state changed to 4
[2023-11-07 19:21:54.344][info] Disconnected from the daemon
[2023-11-07 19:21:54.345][info] Suspend event received, disconnecting from daemon
[2023-11-07 19:21:54.345][info] Disconnected from the daemon
[2023-11-08 06:05:03.599][info] Resume event received, connecting to daemon
[2023-11-08 06:05:03.601][info] Resume event received, connecting to daemon
[2023-11-08 06:05:03.601][info] Connected to the daemon
[2023-11-08 06:05:03.601][info] Connected to the daemon
[2023-11-08 06:05:03.628][warning] Failed to fetch account data. Retrying in 8000 ms
[2023-11-08 06:05:03.628][warning] Failed to update device info: 14 UNAVAILABLE: Cannot reach the API
[2023-11-08 06:05:03.694][warning] Failed to fetch account data. Retrying in 8000 ms
[2023-11-08 06:49:41.899][info] Suspend event received, disconnecting from daemon
[2023-11-08 06:49:41.901][verbose] GRPC Channel connectivity state changed to 4
[2023-11-08 06:49:41.901][verbose] GRPC Channel connectivity state changed to 4
[2023-11-08 06:49:41.901][info] Disconnected from the daemon
[2023-11-08 06:49:41.901][info] Suspend event received, disconnecting from daemon
[2023-11-08 06:49:41.901][info] Disconnected from the daemon
[2023-11-08 06:51:24.684][info] Resume event received, connecting to daemon
[2023-11-08 06:51:24.686][info] Resume event received, connecting to daemon
[2023-11-08 06:51:24.686][info] Connected to the daemon
[2023-11-08 06:51:24.688][info] Connected to the daemon
[2023-11-08 06:51:24.708][warning] Failed to update device info: 14 UNAVAILABLE: Cannot reach the API
[2023-11-08 06:51:24.709][warning] Failed to fetch account data. Retrying in 8000 ms
[2023-11-08 06:51:24.780][warning] Failed to fetch account data. Retrying in 8000 ms
[2023-11-08 07:03:41.495][info] Suspend event received, disconnecting from daemon
[2023-11-08 07:03:41.495][verbose] GRPC Channel connectivity state changed to 4
[2023-11-08 07:03:41.496][verbose] GRPC Channel connectivity state changed to 4
[2023-11-08 07:03:41.497][info] Disconnected from the daemon
[2023-11-08 07:03:41.500][info] Suspend event received, disconnecting from daemon
[2023-11-08 07:03:41.500][info] Disconnected from the daemon
[2023-11-08 08:12:11.056][info] Resume event received, connecting to daemon
[2023-11-08 08:12:11.057][info] Resume event received, connecting to daemon
[2023-11-08 08:12:11.058][info] Connected to the daemon
[2023-11-08 08:12:11.058][info] Connected to the daemon
[2023-11-08 08:12:11.081][warning] Failed to fetch account data. Retrying in 8000 ms
[2023-11-08 08:12:11.082][warning] Failed to update device info: 14 UNAVAILABLE: Cannot reach the API
[2023-11-08 08:12:11.166][warning] Failed to fetch account data. Retrying in 8000 ms
[2023-11-08 09:12:11.071][verbose] GRPC Channel connectivity state changed to 2
[2023-11-08 09:12:11.075][verbose] GRPC Channel connectivity state changed to 2
[2023-11-08 09:26:16.977][info] Suspend event received, disconnecting from daemon
[2023-11-08 09:26:16.979][verbose] GRPC Channel connectivity state changed to 4
[2023-11-08 09:26:16.979][verbose] GRPC Channel connectivity state changed to 4
[2023-11-08 09:26:16.990][info] Disconnected from the daemon
[2023-11-08 09:26:16.999][info] Suspend event received, disconnecting from daemon
[2023-11-08 09:26:16.999][info] Disconnected from the daemon
[2023-11-08 09:28:25.068][info] Resume event received, connecting to daemon
[2023-11-08 09:28:25.075][info] Resume event received, connecting to daemon
[2023-11-08 09:28:25.076][info] Connected to the daemon
[2023-11-08 09:28:25.080][info] Connected to the daemon
[2023-11-08 09:28:25.108][warning] Failed to update device info: 14 UNAVAILABLE: Cannot reach the API
[2023-11-08 09:28:25.108][warning] Failed to fetch account data. Retrying in 8000 ms
[2023-11-08 09:28:25.134][warning] Failed to fetch account data. Retrying in 8000 ms
[2023-11-08 09:28:53.872][info] Suspend event received, disconnecting from daemon
[2023-11-08 09:28:53.872][verbose] GRPC Channel connectivity state changed to 4
[2023-11-08 09:28:53.872][verbose] GRPC Channel connectivity state changed to 4
[2023-11-08 09:28:53.873][info] Disconnected from the daemon
[2023-11-08 09:28:53.873][info] Suspend event received, disconnecting from daemon
[2023-11-08 09:28:53.873][info] Disconnected from the daemon
[2023-11-08 09:29:06.563][info] Resume event received, connecting to daemon
[2023-11-08 09:29:06.564][info] Resume event received, connecting to daemon
[2023-11-08 09:29:06.565][info] Connected to the daemon
[2023-11-08 09:29:06.566][info] Connected to the daemon
[2023-11-08 09:29:06.609][warning] Failed to update device info: 14 UNAVAILABLE: Cannot reach the API
[2023-11-08 09:29:35.422][info] Suspend event received, disconnecting from daemon
[2023-11-08 09:29:35.423][verbose] GRPC Channel connectivity state changed to 4
[2023-11-08 09:29:35.423][verbose] GRPC Channel connectivity state changed to 4
[2023-11-08 09:29:35.423][info] Disconnected from the daemon
[2023-11-08 09:29:35.423][info] Suspend event received, disconnecting from daemon
[2023-11-08 09:29:35.423][info] Disconnected from the daemon
[2023-11-08 09:29:39.339][info] Resume event received, connecting to daemon
[2023-11-08 09:29:39.341][info] Resume event received, connecting to daemon
[2023-11-08 09:29:39.343][info] Connected to the daemon
[2023-11-08 09:29:39.344][info] Connected to the daemon
[2023-11-08 09:29:39.367][warning] Failed to update device info: 14 UNAVAILABLE: Cannot reach the API
[2023-11-08 09:29:39.367][warning] Failed to fetch account data. Retrying in 8000 ms
[2023-11-08 09:29:39.448][warning] Failed to fetch account data. Retrying in 8000 ms
[2023-11-08 10:29:39.393][verbose] GRPC Channel connectivity state changed to 2
[2023-11-08 10:29:39.408][verbose] GRPC Channel connectivity state changed to 2
[2023-11-08 10:40:07.795][info] Suspend event received, disconnecting from daemon
[2023-11-08 10:40:07.808][verbose] GRPC Channel connectivity state changed to 4
[2023-11-08 10:40:07.809][verbose] GRPC Channel connectivity state changed to 4
[2023-11-08 10:40:07.829][info] Disconnected from the daemon
[2023-11-08 10:40:07.829][info] Suspend event received, disconnecting from daemon
[2023-11-08 10:40:07.829][info] Disconnected from the daemon
[2023-11-08 10:45:13.288][info] Resume event received, connecting to daemon
[2023-11-08 10:45:13.291][info] Resume event received, connecting to daemon
[2023-11-08 10:45:13.292][info] Connected to the daemon
[2023-11-08 10:45:13.293][info] Connected to the daemon
[2023-11-08 10:45:13.345][warning] Failed to update device info: 14 UNAVAILABLE: Cannot reach the API
[2023-11-08 10:45:13.346][warning] Failed to fetch account data. Retrying in 8000 ms
[2023-11-08 10:45:13.385][warning] Failed to fetch account data. Retrying in 8000 ms
[2023-11-08 10:49:15.423][info] Suspend event received, disconnecting from daemon
[2023-11-08 10:49:15.424][verbose] GRPC Channel connectivity state changed to 4
[2023-11-08 10:49:15.424][verbose] GRPC Channel connectivity state changed to 4
[2023-11-08 10:49:15.425][info] Disconnected from the daemon
[2023-11-08 10:49:15.427][info] Suspend event received, disconnecting from daemon
[2023-11-08 10:49:15.428][info] Disconnected from the daemon
[2023-11-08 10:49:35.080][info] Resume event received, connecting to daemon
[2023-11-08 10:49:35.080][info] Resume event received, connecting to daemon
[2023-11-08 10:49:35.081][info] Connected to the daemon
[2023-11-08 10:49:35.081][info] Connected to the daemon
[2023-11-08 10:49:35.139][warning] Failed to update device info: 14 UNAVAILABLE: Cannot reach the API
[2023-11-08 10:49:35.139][warning] Failed to fetch account data. Retrying in 8000 ms
[2023-11-08 10:49:35.205][warning] Failed to fetch account data. Retrying in 8000 ms
[2023-11-08 11:49:35.094][verbose] GRPC Channel connectivity state changed to 2
[2023-11-08 11:49:35.112][verbose] GRPC Channel connectivity state changed to 2
[2023-11-08 11:50:59.552][info] Suspend event received, disconnecting from daemon
[2023-11-08 11:50:59.564][verbose] GRPC Channel connectivity state changed to 4
[2023-11-08 11:50:59.564][verbose] GRPC Channel connectivity state changed to 4
[2023-11-08 11:50:59.573][info] Disconnected from the daemon
[2023-11-08 11:50:59.575][info] Suspend event received, disconnecting from daemon
[2023-11-08 11:50:59.576][info] Disconnected from the daemon
[2023-11-08 11:54:31.977][info] Resume event received, connecting to daemon
[2023-11-08 11:54:31.981][info] Connected to the daemon
[2023-11-08 11:54:31.983][info] Resume event received, connecting to daemon
[2023-11-08 11:54:31.983][info] Connected to the daemon
[2023-11-08 11:54:32.013][warning] Failed to fetch account data. Retrying in 8000 ms
[2023-11-08 11:54:32.013][warning] Failed to update device info: 14 UNAVAILABLE: Cannot reach the API
[2023-11-08 11:54:32.047][warning] Failed to fetch account data. Retrying in 8000 ms
[2023-11-08 11:55:00.753][info] Suspend event received, disconnecting from daemon
[2023-11-08 11:55:00.753][verbose] GRPC Channel connectivity state changed to 4
[2023-11-08 11:55:00.753][verbose] GRPC Channel connectivity state changed to 4
[2023-11-08 11:55:00.753][info] Disconnected from the daemon
[2023-11-08 11:55:00.754][info] Suspend event received, disconnecting from daemon
[2023-11-08 11:55:00.754][info] Disconnected from the daemon
[2023-11-08 13:10:00.691][info] Resume event received, connecting to daemon
[2023-11-08 13:10:00.692][info] Resume event received, connecting to daemon
[2023-11-08 13:10:00.692][info] Connected to the daemon
[2023-11-08 13:10:00.692][info] Connected to the daemon
[2023-11-08 13:10:00.716][warning] Failed to update device info: 14 UNAVAILABLE: Cannot reach the API
[2023-11-08 14:10:00.696][verbose] GRPC Channel connectivity state changed to 2
[2023-11-08 14:10:00.700][verbose] GRPC Channel connectivity state changed to 2
[2023-11-08 15:10:00.705][verbose] GRPC Channel connectivity state changed to 2
[2023-11-08 15:10:00.708][verbose] GRPC Channel connectivity state changed to 2
