[2023-12-11 10:53:32.013][verbose] Chromium sandbox is enabled
[2023-12-11 10:53:32.014][info] Running version 2023.6
[2023-12-11 10:53:32.073][info] Detected locale: en-US
[2023-12-11 10:53:32.097][info] Connected to the daemon
[2023-12-11 10:53:32.131][info] Skip autoconnect because GUI setting is disabled
[2023-12-11 10:53:32.439][error] Failed to check autostart file: ENOENT: no such file or directory, access '/home/dylanwax/.config/autostart/mullvad-vpn.desktop'
[2023-12-11 11:15:31.796][info] Suspend event received, disconnecting from daemon
[2023-12-11 11:15:31.801][verbose] GRPC Channel connectivity state changed to 4
[2023-12-11 11:15:31.808][info] Disconnected from the daemon
[2023-12-11 11:15:31.814][info] Suspend event received, disconnecting from daemon
[2023-12-11 11:15:31.815][info] Disconnected from the daemon
[2023-12-11 11:17:06.474][info] Resume event received, connecting to daemon
[2023-12-11 11:17:06.484][info] Resume event received, connecting to daemon
[2023-12-11 11:17:06.487][info] Connected to the daemon
[2023-12-11 11:17:06.489][info] Connected to the daemon
[2023-12-11 11:17:06.516][warning] Failed to update device info: 14 UNAVAILABLE: Cannot reach the API
[2023-12-11 11:17:06.517][warning] Failed to fetch account data. Retrying in 8000 ms
[2023-12-11 11:17:06.520][warning] Failed to update device info: 14 UNAVAILABLE: Cannot reach the API
[2023-12-11 11:51:37.262][info] Suspend event received, disconnecting from daemon
[2023-12-11 11:51:37.275][info] Disconnected from the daemon
[2023-12-11 11:51:37.271][verbose] GRPC Channel connectivity state changed to 1
[2023-12-11 11:51:37.272][verbose] GRPC Channel connectivity state changed to 4
[2023-12-11 11:51:37.272][verbose] GRPC Channel connectivity state changed to 1
[2023-12-11 11:51:37.283][info] Suspend event received, disconnecting from daemon
[2023-12-11 11:51:37.284][info] Disconnected from the daemon
[2023-12-11 11:52:46.886][info] Resume event received, connecting to daemon
[2023-12-11 11:52:46.890][info] Connected to the daemon
[2023-12-11 11:52:46.891][info] Resume event received, connecting to daemon
[2023-12-11 11:52:46.892][info] Connected to the daemon
[2023-12-11 11:52:46.924][warning] Failed to update device info: 14 UNAVAILABLE: Cannot reach the API
[2023-12-11 11:52:46.925][warning] Failed to update device info: 14 UNAVAILABLE: Cannot reach the API
[2023-12-11 11:52:46.925][warning] Failed to fetch account data. Retrying in 8000 ms
[2023-12-11 12:02:10.022][info] Suspend event received, disconnecting from daemon
[2023-12-11 12:02:10.053][verbose] GRPC Channel connectivity state changed to 1
[2023-12-11 12:02:10.054][verbose] GRPC Channel connectivity state changed to 4
[2023-12-11 12:02:10.054][verbose] GRPC Channel connectivity state changed to 1
[2023-12-11 12:02:10.064][info] Disconnected from the daemon
[2023-12-11 12:02:10.070][info] Suspend event received, disconnecting from daemon
[2023-12-11 12:02:10.071][info] Disconnected from the daemon
[2023-12-11 12:46:12.631][info] Resume event received, connecting to daemon
[2023-12-11 12:46:12.639][info] Resume event received, connecting to daemon
[2023-12-11 12:46:12.640][info] Connected to the daemon
[2023-12-11 12:46:12.643][info] Connected to the daemon
[2023-12-11 12:46:12.667][warning] Failed to fetch account data. Retrying in 8000 ms
[2023-12-11 12:46:12.668][warning] Failed to update device info: 14 UNAVAILABLE: Cannot reach the API
[2023-12-11 12:46:12.668][warning] Failed to update device info: 14 UNAVAILABLE: Cannot reach the API
[2023-12-11 13:13:00.609][info] Suspend event received, disconnecting from daemon
[2023-12-11 13:13:00.628][verbose] GRPC Channel connectivity state changed to 1
[2023-12-11 13:13:00.628][verbose] GRPC Channel connectivity state changed to 4
[2023-12-11 13:13:00.629][verbose] GRPC Channel connectivity state changed to 1
[2023-12-11 13:13:00.641][info] Disconnected from the daemon
[2023-12-11 13:13:00.662][info] Suspend event received, disconnecting from daemon
[2023-12-11 13:13:00.662][info] Disconnected from the daemon
[2023-12-11 13:13:24.809][info] Resume event received, connecting to daemon
[2023-12-11 13:13:24.821][info] Resume event received, connecting to daemon
[2023-12-11 13:13:24.822][info] Connected to the daemon
[2023-12-11 13:13:24.831][info] Connected to the daemon
[2023-12-11 13:13:24.862][warning] Failed to update device info: 14 UNAVAILABLE: Cannot reach the API
[2023-12-11 13:13:24.867][warning] Failed to fetch account data. Retrying in 8000 ms
[2023-12-11 13:27:03.848][info] Suspend event received, disconnecting from daemon
[2023-12-11 13:27:03.857][verbose] GRPC Channel connectivity state changed to 1
[2023-12-11 13:27:03.857][verbose] GRPC Channel connectivity state changed to 4
[2023-12-11 13:27:03.857][verbose] GRPC Channel connectivity state changed to 1
[2023-12-11 13:27:03.862][info] Disconnected from the daemon
[2023-12-11 13:27:03.868][info] Suspend event received, disconnecting from daemon
[2023-12-11 13:27:03.869][info] Disconnected from the daemon
[2023-12-11 13:32:48.070][info] Resume event received, connecting to daemon
[2023-12-11 13:32:48.072][info] Resume event received, connecting to daemon
[2023-12-11 13:32:48.080][info] Connected to the daemon
[2023-12-11 13:32:48.081][info] Connected to the daemon
[2023-12-11 13:32:48.098][warning] Failed to fetch account data. Retrying in 8000 ms
[2023-12-11 13:32:48.099][warning] Failed to update device info: 14 UNAVAILABLE: Cannot reach the API
[2023-12-11 14:14:14.817][info] Suspend event received, disconnecting from daemon
[2023-12-11 14:14:14.859][verbose] GRPC Channel connectivity state changed to 1
[2023-12-11 14:14:14.860][verbose] GRPC Channel connectivity state changed to 4
[2023-12-11 14:14:14.860][verbose] GRPC Channel connectivity state changed to 1
[2023-12-11 14:14:14.865][info] Disconnected from the daemon
[2023-12-11 14:14:14.875][info] Suspend event received, disconnecting from daemon
[2023-12-11 14:14:14.875][info] Disconnected from the daemon
[2023-12-11 14:17:07.603][info] Resume event received, connecting to daemon
[2023-12-11 14:17:07.604][info] Resume event received, connecting to daemon
[2023-12-11 14:17:07.610][info] Connected to the daemon
[2023-12-11 14:17:07.612][info] Connected to the daemon
[2023-12-11 14:17:07.649][warning] Failed to fetch account data. Retrying in 8000 ms
[2023-12-11 14:17:07.649][warning] Failed to update device info: 14 UNAVAILABLE: Cannot reach the API
[2023-12-11 14:17:07.650][warning] Failed to update device info: 14 UNAVAILABLE: Cannot reach the API
[2023-12-11 14:17:36.519][info] Suspend event received, disconnecting from daemon
[2023-12-11 14:17:36.520][verbose] GRPC Channel connectivity state changed to 1
[2023-12-11 14:17:36.520][verbose] GRPC Channel connectivity state changed to 4
[2023-12-11 14:17:36.525][verbose] GRPC Channel connectivity state changed to 1
[2023-12-11 14:17:36.527][info] Disconnected from the daemon
[2023-12-11 14:17:36.539][info] Suspend event received, disconnecting from daemon
[2023-12-11 14:17:36.540][info] Disconnected from the daemon
[2023-12-11 18:17:39.648][info] Resume event received, connecting to daemon
[2023-12-11 18:17:39.653][info] Connected to the daemon
[2023-12-11 18:17:39.660][info] Resume event received, connecting to daemon
[2023-12-11 18:17:39.662][info] Connected to the daemon
[2023-12-11 18:17:39.691][warning] Failed to update device info: 14 UNAVAILABLE: Cannot reach the API
[2023-12-11 19:17:39.669][verbose] GRPC Channel connectivity state changed to 2
[2023-12-11 19:17:39.687][verbose] GRPC Channel connectivity state changed to 2
[2023-12-11 20:17:39.687][verbose] GRPC Channel connectivity state changed to 2
[2023-12-11 20:17:39.691][verbose] GRPC Channel connectivity state changed to 2
[2023-12-11 20:47:51.803][info] Suspend event received, disconnecting from daemon
[2023-12-11 20:47:51.805][verbose] GRPC Channel connectivity state changed to 1
[2023-12-11 20:47:51.805][verbose] GRPC Channel connectivity state changed to 4
[2023-12-11 20:47:51.805][verbose] GRPC Channel connectivity state changed to 1
[2023-12-11 20:47:51.815][info] Disconnected from the daemon
[2023-12-11 20:47:51.825][info] Suspend event received, disconnecting from daemon
[2023-12-11 20:47:51.825][info] Disconnected from the daemon
[2023-12-11 21:21:53.593][info] Resume event received, connecting to daemon
[2023-12-11 21:21:53.597][info] Connected to the daemon
[2023-12-11 21:21:53.604][info] Resume event received, connecting to daemon
[2023-12-11 21:21:53.609][info] Connected to the daemon
[2023-12-11 21:21:53.618][warning] Failed to update device info: 14 UNAVAILABLE: Cannot reach the API
[2023-12-11 21:21:53.619][warning] Failed to fetch account data. Retrying in 8000 ms
[2023-12-11 21:21:53.625][warning] Failed to fetch account data. Retrying in 8000 ms
