[2023-11-03 14:31:32.938][verbose] Tunnel state: connecting
[2023-11-03 14:31:32.938][verbose] Initial: Wrong content height: 593, expected 568
[2023-11-03 14:31:34.129][verbose] Tunnel state: connected
[2023-11-03 15:03:51.148][verbose] Tunnel state: disconnecting
[2023-11-03 15:03:51.149][verbose] Tunnel state: disconnecting
[2023-11-03 15:03:52.643][verbose] Tunnel state: error
[2023-11-03 15:03:52.662][verbose] Tunnel state: error
[2023-11-03 15:03:54.857][verbose] Tunnel state: connecting
[2023-11-03 15:03:54.862][verbose] Tunnel state: connecting
[2023-11-03 15:03:57.336][verbose] Tunnel state: connected
[2023-11-03 15:03:57.350][verbose] Tunnel state: connected
[2023-11-03 18:06:00.822][verbose] Tunnel state: disconnecting
[2023-11-03 18:06:00.825][verbose] Tunnel state: disconnecting
[2023-11-03 18:06:01.361][verbose] Tunnel state: error
[2023-11-03 18:06:01.375][verbose] Tunnel state: error
[2023-11-03 18:06:04.428][verbose] Tunnel state: connecting
[2023-11-03 18:06:04.435][verbose] Tunnel state: connecting
[2023-11-03 18:06:05.913][verbose] Tunnel state: connected
[2023-11-03 18:06:05.924][verbose] Tunnel state: connected
[2023-11-03 20:48:48.758][verbose] Tunnel state: disconnecting
[2023-11-03 20:48:48.760][verbose] Tunnel state: disconnecting
[2023-11-03 20:48:50.883][verbose] Tunnel state: error
[2023-11-03 20:48:50.903][verbose] Tunnel state: error
[2023-11-03 20:48:52.354][verbose] Tunnel state: connecting
[2023-11-03 20:48:52.365][verbose] Tunnel state: connecting
[2023-11-03 20:48:55.288][verbose] Tunnel state: connected
[2023-11-03 20:48:55.307][verbose] Tunnel state: connected
[2023-11-04 08:13:27.079][verbose] Tunnel state: error
[2023-11-04 08:13:27.091][verbose] Tunnel state: error
[2023-11-04 08:13:30.791][verbose] Tunnel state: connecting
[2023-11-04 08:13:30.794][verbose] Tunnel state: connecting
[2023-11-04 08:13:33.311][verbose] Tunnel state: connected
[2023-11-04 08:13:33.331][verbose] Tunnel state: connected
