[2023-11-06 22:04:47.831][verbose] Tunnel state: connected
[2023-11-06 22:04:47.831][verbose] Initial: Wrong content height: 593, expected 568
[2023-11-06 22:04:47.986][verbose] Tunnel state: connected
[2023-11-07 06:25:31.748][verbose] Tunnel state: error
[2023-11-07 06:25:31.755][verbose] Tunnel state: error
[2023-11-07 06:25:35.479][verbose] Tunnel state: connecting
[2023-11-07 06:25:35.496][verbose] Tunnel state: connecting
[2023-11-07 06:25:35.569][verbose] Tunnel state: connected
[2023-11-07 06:25:35.598][verbose] Tunnel state: connected
[2023-11-07 10:39:28.492][verbose] Tunnel state: error
[2023-11-07 10:39:28.500][verbose] Tunnel state: error
[2023-11-07 10:39:31.970][verbose] Tunnel state: connecting
[2023-11-07 10:39:31.975][verbose] Tunnel state: connecting
[2023-11-07 10:39:32.070][verbose] Tunnel state: connected
[2023-11-07 10:39:32.083][verbose] Tunnel state: connected
[2023-11-07 10:43:03.555][verbose] Tunnel state: error
[2023-11-07 10:43:03.563][verbose] Tunnel state: error
[2023-11-07 10:43:05.924][verbose] Tunnel state: connecting
[2023-11-07 10:43:05.928][verbose] Tunnel state: connecting
[2023-11-07 10:43:06.017][verbose] Tunnel state: connected
[2023-11-07 10:43:06.025][verbose] Tunnel state: connected
[2023-11-07 11:12:26.250][verbose] Tunnel state: error
[2023-11-07 11:12:26.258][verbose] Tunnel state: error
[2023-11-07 11:12:29.799][verbose] Tunnel state: connecting
[2023-11-07 11:12:29.806][verbose] Tunnel state: connecting
[2023-11-07 11:12:29.891][verbose] Tunnel state: connected
[2023-11-07 11:12:29.902][verbose] Tunnel state: connected
[2023-11-07 12:39:45.995][verbose] Tunnel state: error
[2023-11-07 12:39:46.006][verbose] Tunnel state: error
[2023-11-07 12:39:49.664][verbose] Tunnel state: connecting
[2023-11-07 12:39:49.670][verbose] Tunnel state: connecting
[2023-11-07 12:39:49.769][verbose] Tunnel state: connected
[2023-11-07 12:39:49.781][verbose] Tunnel state: connected
[2023-11-07 12:46:03.651][verbose] Tunnel state: error
[2023-11-07 12:46:03.665][verbose] Tunnel state: error
[2023-11-07 12:46:07.303][verbose] Tunnel state: connecting
[2023-11-07 12:46:07.307][verbose] Tunnel state: connecting
[2023-11-07 12:46:07.389][verbose] Tunnel state: connected
[2023-11-07 12:46:07.405][verbose] Tunnel state: connected
[2023-11-07 12:48:45.004][verbose] Tunnel state: error
[2023-11-07 12:48:45.027][verbose] Tunnel state: error
[2023-11-07 12:48:47.681][verbose] Tunnel state: connecting
[2023-11-07 12:48:47.688][verbose] Tunnel state: connecting
[2023-11-07 12:48:47.888][verbose] Tunnel state: connected
[2023-11-07 12:48:47.899][verbose] Tunnel state: connected
[2023-11-07 12:54:17.056][verbose] Tunnel state: error
[2023-11-07 12:54:17.062][verbose] Tunnel state: error
[2023-11-07 12:54:20.680][verbose] Tunnel state: connecting
[2023-11-07 12:54:20.686][verbose] Tunnel state: connecting
[2023-11-07 12:54:20.873][verbose] Tunnel state: connected
[2023-11-07 12:54:20.892][verbose] Tunnel state: connected
[2023-11-07 13:11:03.986][verbose] Tunnel state: error
[2023-11-07 13:11:03.999][verbose] Tunnel state: error
[2023-11-07 13:11:06.720][verbose] Tunnel state: connecting
[2023-11-07 13:11:06.726][verbose] Tunnel state: connecting
[2023-11-07 13:11:06.816][verbose] Tunnel state: connected
[2023-11-07 13:11:06.821][verbose] Tunnel state: connected
[2023-11-07 18:35:45.466][verbose] Tunnel state: error
[2023-11-07 18:35:45.472][verbose] Tunnel state: error
[2023-11-07 18:35:49.112][verbose] Tunnel state: connecting
[2023-11-07 18:35:49.117][verbose] Tunnel state: connecting
[2023-11-07 18:35:49.186][verbose] Tunnel state: connected
[2023-11-07 18:35:49.200][verbose] Tunnel state: connected
[2023-11-08 06:05:03.616][verbose] Tunnel state: error
[2023-11-08 06:05:03.624][verbose] Tunnel state: error
[2023-11-08 06:05:07.127][verbose] Tunnel state: connecting
[2023-11-08 06:05:07.131][verbose] Tunnel state: connecting
[2023-11-08 06:05:07.333][verbose] Tunnel state: connected
[2023-11-08 06:05:07.350][verbose] Tunnel state: connected
[2023-11-08 06:51:24.694][verbose] Tunnel state: error
[2023-11-08 06:51:24.706][verbose] Tunnel state: error
[2023-11-08 06:51:27.348][verbose] Tunnel state: connecting
[2023-11-08 06:51:27.353][verbose] Tunnel state: connecting
[2023-11-08 06:51:27.435][verbose] Tunnel state: connected
[2023-11-08 06:51:27.449][verbose] Tunnel state: connected
[2023-11-08 08:12:11.067][verbose] Tunnel state: error
[2023-11-08 08:12:11.080][verbose] Tunnel state: error
[2023-11-08 08:12:14.554][verbose] Tunnel state: connecting
[2023-11-08 08:12:14.559][verbose] Tunnel state: connecting
[2023-11-08 08:12:14.654][verbose] Tunnel state: connected
[2023-11-08 08:12:14.670][verbose] Tunnel state: connected
[2023-11-08 09:28:25.093][verbose] Tunnel state: error
[2023-11-08 09:28:25.105][verbose] Tunnel state: error
[2023-11-08 09:28:27.518][verbose] Tunnel state: connecting
[2023-11-08 09:28:27.527][verbose] Tunnel state: connecting
[2023-11-08 09:28:27.611][verbose] Tunnel state: connected
[2023-11-08 09:28:27.626][verbose] Tunnel state: connected
[2023-11-08 09:29:06.596][verbose] Tunnel state: error
[2023-11-08 09:29:06.604][verbose] Tunnel state: error
[2023-11-08 09:29:09.103][verbose] Tunnel state: connecting
[2023-11-08 09:29:09.107][verbose] Tunnel state: connecting
[2023-11-08 09:29:09.183][verbose] Tunnel state: connected
[2023-11-08 09:29:09.190][verbose] Tunnel state: connected
[2023-11-08 09:29:39.353][verbose] Tunnel state: error
[2023-11-08 09:29:39.365][verbose] Tunnel state: error
[2023-11-08 09:29:41.871][verbose] Tunnel state: connecting
[2023-11-08 09:29:41.875][verbose] Tunnel state: connecting
[2023-11-08 09:29:41.966][verbose] Tunnel state: connected
[2023-11-08 09:29:41.982][verbose] Tunnel state: connected
[2023-11-08 10:45:13.322][verbose] Tunnel state: error
[2023-11-08 10:45:13.338][verbose] Tunnel state: error
[2023-11-08 10:45:18.740][verbose] Tunnel state: connecting
[2023-11-08 10:45:18.767][verbose] Tunnel state: connecting
[2023-11-08 10:45:18.839][verbose] Tunnel state: connected
[2023-11-08 10:45:18.852][verbose] Tunnel state: connected
[2023-11-08 10:49:35.115][verbose] Tunnel state: error
[2023-11-08 10:49:35.131][verbose] Tunnel state: error
[2023-11-08 10:49:41.020][verbose] Tunnel state: connecting
[2023-11-08 10:49:41.030][verbose] Tunnel state: connecting
[2023-11-08 10:49:41.107][verbose] Tunnel state: connected
[2023-11-08 10:49:41.113][verbose] Tunnel state: connected
[2023-11-08 10:49:48.930][verbose] Tunnel state: disconnecting
[2023-11-08 10:49:48.954][verbose] Tunnel state: disconnecting
[2023-11-08 10:49:48.954][verbose] Tunnel state: disconnecting
[2023-11-08 10:49:49.012][verbose] Tunnel state: disconnected
[2023-11-08 10:49:49.022][verbose] Tunnel state: disconnected
[2023-11-08 11:54:32.004][verbose] Tunnel state: disconnected
[2023-11-08 11:54:32.009][verbose] Tunnel state: disconnected
[2023-11-08 11:54:32.014][error] Failed to update the location: 5 NOT_FOUND: no location was found
[2023-11-08 11:54:32.014][error] Failed to update the location: 5 NOT_FOUND: no location was found
[2023-11-08 13:10:00.703][verbose] Tunnel state: disconnected
[2023-11-08 13:10:00.711][verbose] Tunnel state: disconnected
[2023-11-08 13:10:00.714][error] Failed to update the location: 5 NOT_FOUND: no location was found
[2023-11-08 13:10:00.717][error] Failed to update the location: 5 NOT_FOUND: no location was found
