2023-11-20 18:58:13 Loading main app package /tmp/.mount_Obsidihvzd2o/resources/obsidian.asar
2023-11-20 18:58:14 Checking for update using Github
2023-11-20 18:58:14 Success.
2023-11-20 18:58:14 Latest version is 1.4.16
2023-11-20 18:58:14 App is up to date.
2023-11-20 18:59:09 Loading main app package /tmp/.mount_ObsidivDnPB9/resources/obsidian.asar
2023-11-20 18:59:09 Checking for update using Github
2023-11-20 18:59:09 Success.
2023-11-20 18:59:09 Latest version is 1.4.16
2023-11-20 18:59:09 App is up to date.
2023-11-20 19:01:29 Loading main app package /tmp/.mount_Obsidi1G4M66/resources/obsidian.asar
2023-11-20 19:01:30 Checking for update using Github
2023-11-20 19:01:30 Success.
2023-11-20 19:01:30 Latest version is 1.4.16
2023-11-20 19:01:30 App is up to date.
2023-11-20 19:07:27 Loading main app package /tmp/.mount_gearle6RyKZn/resources/obsidian.asar
2023-11-20 19:07:27 Checking for update using Github
2023-11-20 19:07:27 Success.
2023-11-20 19:07:27 Latest version is 1.4.16
2023-11-20 19:07:27 App is up to date.
2023-11-20 19:07:40 Loading main app package /tmp/.mount_gearle0W4pXP/resources/obsidian.asar
2023-11-20 19:07:41 Checking for update using Github
2023-11-20 19:07:41 Success.
2023-11-20 19:07:41 Latest version is 1.4.16
2023-11-20 19:07:41 App is up to date.
2023-11-21 06:53:11 Loading main app package /tmp/.mount_ObsidiU913x4/resources/obsidian.asar
2023-11-21 06:53:12 Checking for update using Github
2023-11-21 06:53:12 Success.
2023-11-21 06:53:12 Latest version is 1.4.16
2023-11-21 06:53:12 App is up to date.
2023-11-21 06:54:11 Loading main app package /tmp/.mount_ObsidimG78oK/resources/obsidian.asar
2023-11-21 06:54:12 Checking for update using Github
2023-11-21 06:54:12 Success.
2023-11-21 06:54:12 Latest version is 1.4.16
2023-11-21 06:54:12 App is up to date.
2023-11-21 07:00:45 Loading main app package /tmp/.mount_gearleKKl6BJ/resources/obsidian.asar
2023-11-21 07:00:46 Checking for update using Github
2023-11-21 07:00:46 Success.
2023-11-21 07:00:46 Latest version is 1.4.16
2023-11-21 07:00:46 App is up to date.
2023-11-21 07:01:10 Loading main app package /tmp/.mount_gearleOrJFBY/resources/obsidian.asar
2023-11-21 07:01:10 Checking for update using Github
2023-11-21 07:01:10 Success.
2023-11-21 07:01:10 Latest version is 1.4.16
2023-11-21 07:01:10 App is up to date.
2023-11-21 07:01:18 Loading main app package /tmp/.mount_gearlejDP6a6/resources/obsidian.asar
2023-11-21 07:01:18 Checking for update using Github
2023-11-21 07:01:18 Success.
2023-11-21 07:01:18 Latest version is 1.4.16
2023-11-21 07:01:18 App is up to date.
2023-11-21 07:02:08 Loading main app package /tmp/.mount_gearlex749sK/resources/obsidian.asar
2023-11-21 07:02:09 Checking for update using Github
2023-11-21 07:02:09 Success.
2023-11-21 07:02:09 Latest version is 1.4.16
2023-11-21 07:02:09 App is up to date.
2023-11-21 07:02:49 Loading main app package /tmp/.mount_gearleCDUdkD/resources/obsidian.asar
2023-11-21 07:02:50 Checking for update using Github
2023-11-21 07:02:50 Success.
2023-11-21 07:02:50 Latest version is 1.4.16
2023-11-21 07:02:50 App is up to date.
2023-11-21 07:03:04 Loading main app package /tmp/.mount_gearleTr9tdu/resources/obsidian.asar
2023-11-21 07:03:05 Checking for update using Github
2023-11-21 07:03:05 Success.
2023-11-21 07:03:05 Latest version is 1.4.16
2023-11-21 07:03:05 App is up to date.
2023-11-21 07:04:13 Loading main app package /tmp/.mount_Obsidis1Yb3P/resources/obsidian.asar
2023-11-21 07:04:13 Checking for update using Github
2023-11-21 07:04:13 Success.
2023-11-21 07:04:13 Latest version is 1.4.16
2023-11-21 07:04:13 App is up to date.
2023-11-21 07:04:46 Loading main app package /tmp/.mount_gearleHft1X6/resources/obsidian.asar
2023-11-21 07:04:46 Checking for update using Github
2023-11-21 07:04:46 Success.
2023-11-21 07:04:46 Latest version is 1.4.16
2023-11-21 07:04:46 App is up to date.
2023-11-21 07:11:34 Loading main app package /tmp/.mount_gearleZWwNzF/resources/obsidian.asar
2023-11-21 07:12:53 Loading main app package /tmp/.mount_gearleKGdF63/resources/obsidian.asar
2023-11-21 07:39:12 Loading main app package /tmp/.mount_gearleXKqMeC/resources/obsidian.asar
2023-11-21 07:42:38 Loading main app package /tmp/.mount_gearle3lBqwj/resources/obsidian.asar
2023-11-21 07:43:52 Loading main app package /tmp/.mount_gearleDbQ2Lt/resources/obsidian.asar
2023-11-21 16:16:13 Loading main app package /tmp/.mount_gearlejQpm1L/resources/obsidian.asar
2023-11-21 16:16:19 Loading main app package /tmp/.mount_gearle7GGjHB/resources/obsidian.asar
2023-11-21 16:16:24 Loading main app package /tmp/.mount_gearlew5XMJ7/resources/obsidian.asar
2023-11-21 16:16:46 Loading main app package /tmp/.mount_Obsidiq8dNCZ/resources/obsidian.asar
2023-11-21 16:16:52 Loading main app package /tmp/.mount_gearleeqTg5g/resources/obsidian.asar
2023-11-21 16:19:43 Loading main app package /tmp/.mount_gearleZkb1Sb/resources/obsidian.asar
2023-11-21 16:20:22 Loading main app package /tmp/.mount_gearlezu0Hwv/resources/obsidian.asar
2023-11-21 16:20:28 Loading main app package /tmp/.mount_gearleDnij31/resources/obsidian.asar
2023-11-21 16:27:32 Loading main app package /tmp/.mount_gearlex8aoa9/resources/obsidian.asar
2023-11-21 17:30:09 Loading main app package /tmp/.mount_ObsidifGxFi8/resources/obsidian.asar
2023-11-21 17:32:20 Loading main app package /tmp/.mount_ObsidiiC9KdJ/resources/obsidian.asar
2023-11-21 17:32:34 Loading main app package /tmp/.mount_ObsidivVzv4u/resources/obsidian.asar
2023-11-21 17:37:14 Loading main app package /tmp/.mount_ObsidiOT3E6l/resources/obsidian.asar
2023-11-21 17:37:21 Loading main app package /tmp/.mount_Obsidi3ZzVPR/resources/obsidian.asar
2023-11-21 19:06:17 Loading main app package /tmp/.mount_Obsidi28lsww/resources/obsidian.asar
2023-11-21 19:06:54 Loading main app package /tmp/.mount_Obsidi89C4hi/resources/obsidian.asar
2023-11-21 19:14:12 Loading main app package /tmp/.mount_ObsidiHWOAT1/resources/obsidian.asar
2023-11-21 19:14:33 Loading main app package /tmp/.mount_ObsidiSfJlix/resources/obsidian.asar
2023-11-21 19:59:36 Loading main app package /tmp/.mount_ObsidiAcVWBb/resources/obsidian.asar
2023-11-26 04:05:33 Loading main app package /tmp/.mount_ObsidiAziiIG/resources/obsidian.asar
2023-11-27 18:19:45 Loading main app package /tmp/.mount_ObsidigpVNnM/resources/obsidian.asar
2023-11-28 02:25:01 Loading main app package /tmp/.mount_ObsidiIiKX7X/resources/obsidian.asar
2023-11-29 16:00:27 Loading main app package /tmp/.mount_ObsidiY60lz7/resources/obsidian.asar
